<?xml version="1.0" encoding="UTF-8"?>
<!-- Generated by org.testng.reporters.JUnitXMLReporter -->
<testsuite hostname="arkas-MacBook-Pro.local" ignored="0" name="Default test" tests="2" failures="0" timestamp="01 Jun 2018 13:02:29 GMT" time="2.479" errors="0">
  <testcase name="GetStatusCodeValidation" time="0.008" classname="com.JSONValidate.qa.TestCase.HttpGetMethodJSONValidateTest"/>
  <testcase name="GetJSONStringValidation" time="0.009" classname="com.JSONValidate.qa.TestCase.HttpGetMethodJSONValidateTest"/>
</testsuite> <!-- Default test -->
